<?xml version="1.0" encoding="UTF-8"?>
<!-- Generated by org.testng.reporters.JUnitReportReporter -->
<testsuite hostname="MouriceSeraphin" failures="0" tests="1" name="todotests.TC_005ValidateFinalTaskCountAndStatus" time="0.994" errors="0" timestamp="2025-05-23T12:31:24 IST" skipped="0">
  <testcase classname="todotests.TC_005ValidateFinalTaskCountAndStatus" name="validateFinalTaskCountAndStatus" time="0.994"/>
</testsuite> <!-- todotests.TC_005ValidateFinalTaskCountAndStatus -->
