<?xml version="1.0" encoding="UTF-8"?>
<!-- Generated by org.testng.reporters.JUnitReportReporter -->
<testsuite hostname="MouriceSeraphin" failures="0" tests="1" name="todotests.TC_003MarkSecondTaskAsCompleted" time="0.798" errors="0" timestamp="2025-05-23T12:31:24 IST" skipped="0">
  <testcase classname="todotests.TC_003MarkSecondTaskAsCompleted" name="markSecondTaskAsCompleted" time="0.798"/>
</testsuite> <!-- todotests.TC_003MarkSecondTaskAsCompleted -->
